[2018-04-10 07:39:47.079 GMT     9	INFO   	100404	Silo	127.0.0.1:22222]	Silo starting with GC settings: ServerGC=False GCLatencyMode=Interactive	
[2018-04-10 07:39:47.125 GMT     9	WARNING	100405	Silo	127.0.0.1:22222]	Note: Silo not running with ServerGC turned on or with GCLatencyMode.Batch enabled - recommend checking app config : <configuration>-<runtime>-<gcServer enabled="true"> and <configuration>-<runtime>-<gcConcurrent enabled="false"/>	
[2018-04-10 07:39:47.127 GMT     9	WARNING	100405	Silo	127.0.0.1:22222]	Note: ServerGC only kicks in on multi-core systems (settings enabling ServerGC have no effect on single-core machines).	
[2018-04-10 07:39:47.129 GMT     9	INFO   	100403	Silo	127.0.0.1:22222]	-------------- Initializing Primary silo on host LAPTOP-R9P4JODR MachineName LAPTOP-R9P4JODR at 127.0.0.1:22222, gen 261041986 --------------	
[2018-04-10 07:39:47.170 GMT     9	INFO   	100415	Silo	127.0.0.1:22222]	Starting silo Default with the following configuration= 
Config File Name: G:\Program_AK45\Host\HOST\Severce.Host\bin\Debug\OrleansConfiguration.xml
Host: LAPTOP-R9P4JODR
Start time: 2018-04-10 07:39:47.133 GMT
Primary node: 127.0.0.1:22222
Platform version info:
   Orleans version: 1.4.0.0 (Release).
   .NET version: 4.0.30319.42000
   Is .NET 4.5=True
   OS version: Microsoft Windows NT 6.2.9200.0
   GC Type=Client GCLatencyMode=Interactive
Global configuration:
   System Ids:
      ServiceId: 00000000-0000-0000-0000-000000000000
      DeploymentId: 
   Subnet: 
   Seed nodes: 127.0.0.1:22222
   Messaging:
       Response timeout: 00:00:30
       Maximum resend count: 0
       Resend On Timeout: False
       Maximum Socket Age: 10675199.02:48:05.4775807
       Drop Expired Messages: True
       Silo Sender queues: 4
       Gateway Sender queues: 4
       Client Drop Timeout: 00:01:00
       Buffer Pool Buffer Size: 4096
       Buffer Pool Max Size: 10000
       Buffer Pool Preallocation Size: 250
       Maximum forward count: 2
       Fallback serializer: 
   Liveness:
      LivenessEnabled: True
      LivenessType: MembershipTableGrain
      ProbeTimeout: 00:00:10
      TableRefreshTimeout: 00:01:00
      DeathVoteExpirationTimeout: 00:02:00
      NumMissedProbesLimit: 3
      NumProbedSilos: 3
      NumVotesForDeathDeclaration: 2
      UseLivenessGossip: True
      ValidateInitialConnectivity: True
      IAmAliveTablePublishTimeout: 00:05:00
      NumMissedTableIAmAliveLimit: 2
      MaxJoinAttemptTime: 00:05:00
      ExpectedClusterSize: 20
   MultiClusterNetwork: N/A
   SystemStore:
      SystemStore ConnectionString: null
      Reminders ConnectionString: null
   Application:
      Defaults:
         Deactivate if idle for: 02:00:00

   PlacementStrategy: 
         Default Placement Strategy: RandomPlacement
         Deployment Load Publisher Refresh Time: 00:00:01
         Activation CountBased Placement Choose Out Of: 2
   Grain directory cache:
      Maximum size: 1000000 grains
      Initial TTL: 00:00:30
      Maximum TTL: 00:04:00
      TTL extension factor: 2.00
      Directory Caching Strategy: Adaptive
   Grain directory:
      Lazy deregistration delay: 00:01:00
      Client registration refresh: 00:05:00
   Reminder Service:
       ReminderServiceType: ReminderTableGrain
   Consistent Ring:
       Use Virtual Buckets Consistent Ring: True
       Num Virtual Buckets Consistent Ring: 30
   Providers:
       StorageProviders:
           Name=MemoryStore, Type=Orleans.Storage.MemoryStorage, Properties=[]
           Name=Default, Type=Orleans.Storage.MemoryStorage, Properties=[]

Silo configuration:
   Silo Name: Default
   Generation: 261041986
   Host Name or IP Address: localhost
   DNS Host Name: LAPTOP-R9P4JODR
   Port: 22222
   Subnet: 
   Preferred Address Family: InterNetwork
   Proxy Gateway: 127.0.0.1:40000
   IsPrimaryNode: True
   Scheduler: 
         Max Active Threads: 4
         Processor Count: 4
         Delay Warning Threshold: 00:00:10
         Activation Scheduling Quantum: 00:00:00.1000000
         Turn Warning Length Threshold: 00:00:00.2000000
         Inject More Worker Threads: False
         MinDotNetThreadPoolSize: 200
         .NET thread pool sizes - Min: Worker Threads=4 Completion Port Threads=4
         .NET thread pool sizes - Max: Worker Threads=1023 Completion Port Threads=1000
         .NET ServicePointManager - DefaultConnectionLimit=200 Expect100Continue=False UseNagleAlgorithm=False
   Load Shedding Enabled: False
   Load Shedding Limit: 95
   SiloShutdownEventName: 
   Debug: 
   Tracing: 
     Default Trace Level: Info
     TraceLevelOverrides:
         Application ==> Info
     Trace to Console: True
     Trace File Name: G:\Program_AK45\Host\HOST\Severce.Host\bin\Debug\Default-2018-04-10-07.39.46.465Z.log
     LargeMessageWarningThreshold: 85000
     PropagateActivityId: False
     BulkMessageLimit: 1000
   Statistics: 
     MetricsTableWriteInterval: 00:00:30
     PerfCounterWriteInterval: 00:00:30
     LogWriteInterval: 00:05:00
     WriteLogStatisticsToTable: True
     StatisticsCollectionLevel: Info

	
[2018-04-10 07:39:47.440 GMT     9	ERROR  	100105	OrleansSiloHost	127.0.0.1:22222]	!!!!!!!!!! ERROR starting Orleans silo name=Default Exception=
Exc level 0: System.Reflection.TargetInvocationException: 调用的目标发生了异常。
   在 System.RuntimeMethodHandle.InvokeMethod(Object target, Object[] arguments, Signature sig, Boolean constructor)
   在 System.Reflection.RuntimeMethodInfo.UnsafeInvokeInternal(Object obj, Object[] parameters, Object[] arguments)
   在 System.Reflection.RuntimeMethodInfo.Invoke(Object obj, BindingFlags invokeAttr, Binder binder, Object[] parameters, CultureInfo culture)
   在 Orleans.Runtime.Startup.ConfigureServicesBuilder.Invoke(Object instance, IServiceCollection exportServices)
   在 Orleans.Runtime.Startup.ConfigureServicesBuilder.Build(Object instance, IServiceCollection services)
   在 Orleans.Runtime.Startup.StartupBuilder.ConfigureStartup(String startupTypeName, IServiceCollection serviceCollection)
   在 Orleans.Runtime.Silo..ctor(SiloInitializationParameters initializationParams)
   在 Orleans.Runtime.Host.SiloHost.InitializeOrleansSilo()
Exc level 1: System.IO.FileNotFoundException: 未能加载文件或程序集“Author.Model, Version=1.0.0.0, Culture=neutral, PublicKeyToken=null”或它的某一个依赖项。系统找不到指定的文件。
   在 Severce.Host.MyStartup.ConfigureServices(IServiceCollection services)	
Exc level 0: System.Reflection.TargetInvocationException: 调用的目标发生了异常。
   在 System.RuntimeMethodHandle.InvokeMethod(Object target, Object[] arguments, Signature sig, Boolean constructor)
   在 System.Reflection.RuntimeMethodInfo.UnsafeInvokeInternal(Object obj, Object[] parameters, Object[] arguments)
   在 System.Reflection.RuntimeMethodInfo.Invoke(Object obj, BindingFlags invokeAttr, Binder binder, Object[] parameters, CultureInfo culture)
   在 Orleans.Runtime.Startup.ConfigureServicesBuilder.Invoke(Object instance, IServiceCollection exportServices)
   在 Orleans.Runtime.Startup.ConfigureServicesBuilder.Build(Object instance, IServiceCollection services)
   在 Orleans.Runtime.Startup.StartupBuilder.ConfigureStartup(String startupTypeName, IServiceCollection serviceCollection)
   在 Orleans.Runtime.Silo..ctor(SiloInitializationParameters initializationParams)
   在 Orleans.Runtime.Host.SiloHost.InitializeOrleansSilo()
Exc level 1: System.IO.FileNotFoundException: 未能加载文件或程序集“Author.Model, Version=1.0.0.0, Culture=neutral, PublicKeyToken=null”或它的某一个依赖项。系统找不到指定的文件。
   在 Severce.Host.MyStartup.ConfigureServices(IServiceCollection services)
[2018-04-10 07:39:47.489 GMT     9	ERROR  	100105	OrleansSiloHost	127.0.0.1:22222]	!!!!!!!!!! ERROR starting Orleans silo name=Default Exception=
Exc level 0: System.InvalidOperationException: Cannot start silo Default due to prior initialization error
   在 Orleans.Runtime.Host.SiloHost.StartOrleansSilo(Boolean catchExceptions)	
Exc level 0: System.InvalidOperationException: Cannot start silo Default due to prior initialization error
   在 Orleans.Runtime.Host.SiloHost.StartOrleansSilo(Boolean catchExceptions)
[2018-04-10 07:39:47.544 GMT     9	ERROR  	100105	OrleansSiloHost	127.0.0.1:22222]	!!!!!!!!!! ERROR starting Orleans silo name=Default Exception=
Exc level 0: System.SystemException: Failed to start Orleans silo 'Default' as a Primary node.
   在 Severce.Host.OrleansHostWrapper.get_Run() 位置 G:\Program_AK45\Host\HOST\Severce.Host\OrleansHostWrapper.cs:行号 141	
Exc level 0: System.SystemException: Failed to start Orleans silo 'Default' as a Primary node.
   在 Severce.Host.OrleansHostWrapper.get_Run() 位置 G:\Program_AK45\Host\HOST\Severce.Host\OrleansHostWrapper.cs:行号 141
